[2026-05-15 23:21:46] [INFO] [rk3568_vision] ============================================================
[2026-05-15 23:21:46] [INFO] [rk3568_vision] RK3568 智能视觉识别系统启动
[2026-05-15 23:21:46] [INFO] [rk3568_vision] ============================================================
[2026-05-15 23:21:46] [INFO] [rk3568_vision] NPU 加速: 关闭
[2026-05-15 23:21:46] [INFO] [camera] 摄像头初始化，使用子码流
[2026-05-15 23:21:46] [INFO] [camera] RTSP 地址: rtsp://admin:***@192.168.0.66:554/Streaming/Channels/201
[2026-05-15 23:24:01] [INFO] [rk3568_vision] ============================================================
[2026-05-15 23:24:01] [INFO] [rk3568_vision] RK3568 智能视觉识别系统启动
[2026-05-15 23:24:01] [INFO] [rk3568_vision] ============================================================
[2026-05-15 23:24:01] [INFO] [rk3568_vision] NPU 加速: 关闭
[2026-05-15 23:24:01] [INFO] [camera] 摄像头初始化，使用子码流
[2026-05-15 23:24:01] [INFO] [camera] RTSP 地址: rtsp://admin:***@192.168.0.66:554/Streaming/Channels/201
[2026-05-15 23:24:02] [INFO] [camera] 视频流连接成功: 1920x1080 @ 25.0fps
[2026-05-15 23:24:02] [INFO] [ws_pusher] WebSocket 推送服务初始化: ws://0.0.0.0:8765
[2026-05-15 23:24:02] [INFO] [ws_pusher] WebSocket 推送服务已启动
[2026-05-15 23:24:02] [INFO] [camera] 视频流读取线程已启动
[2026-05-15 23:24:02] [INFO] [rk3568_vision] 开始实时检测...
[2026-05-15 23:24:02] [INFO] [rk3568_vision] WebSocket 客户端连接数: 0
[2026-05-15 23:24:02] [INFO] [ws_pusher] WebSocket 服务器运行中: ws://0.0.0.0:8765
[2026-05-15 23:24:03] [INFO] [rk3568_vision] FPS: 628.7 |  | 客户端: 0
[2026-05-15 23:24:04] [INFO] [rk3568_vision] FPS: 633.7 |  | 客户端: 0
[2026-05-15 23:24:05] [INFO] [rk3568_vision] FPS: 550.6 |  | 客户端: 0
[2026-05-15 23:24:06] [INFO] [rk3568_vision] FPS: 629.0 |  | 客户端: 0
[2026-05-15 23:24:07] [INFO] [rk3568_vision] FPS: 840.6 |  | 客户端: 0
[2026-05-15 23:24:08] [INFO] [rk3568_vision] FPS: 824.9 |  | 客户端: 0
[2026-05-15 23:24:09] [INFO] [rk3568_vision] FPS: 837.5 |  | 客户端: 0
[2026-05-15 23:24:10] [INFO] [rk3568_vision] FPS: 874.8 |  | 客户端: 0
[2026-05-15 23:24:11] [INFO] [rk3568_vision] FPS: 878.6 |  | 客户端: 0
[2026-05-15 23:24:12] [INFO] [rk3568_vision] FPS: 847.4 |  | 客户端: 0
[2026-05-15 23:24:13] [INFO] [rk3568_vision] FPS: 808.2 |  | 客户端: 0
[2026-05-15 23:24:14] [INFO] [rk3568_vision] FPS: 708.2 |  | 客户端: 0
[2026-05-15 23:24:15] [INFO] [rk3568_vision] FPS: 797.9 |  | 客户端: 0
[2026-05-15 23:24:16] [INFO] [rk3568_vision] FPS: 844.1 |  | 客户端: 0
[2026-05-15 23:24:17] [INFO] [rk3568_vision] FPS: 794.5 |  | 客户端: 0
[2026-05-15 23:24:18] [INFO] [rk3568_vision] FPS: 781.6 |  | 客户端: 0
[2026-05-15 23:24:19] [INFO] [rk3568_vision] FPS: 891.6 |  | 客户端: 0
[2026-05-15 23:24:20] [INFO] [rk3568_vision] FPS: 902.9 |  | 客户端: 0
[2026-05-15 23:24:21] [INFO] [rk3568_vision] FPS: 923.9 |  | 客户端: 0
[2026-05-15 23:24:22] [INFO] [rk3568_vision] FPS: 1095.5 |  | 客户端: 0
[2026-05-15 23:24:23] [INFO] [rk3568_vision] FPS: 1095.1 |  | 客户端: 0
[2026-05-15 23:24:24] [INFO] [rk3568_vision] FPS: 1036.5 |  | 客户端: 0
[2026-05-15 23:24:25] [INFO] [rk3568_vision] FPS: 1054.9 |  | 客户端: 0
[2026-05-15 23:24:26] [INFO] [rk3568_vision] FPS: 1087.1 |  | 客户端: 0
[2026-05-15 23:24:27] [INFO] [rk3568_vision] FPS: 1091.4 |  | 客户端: 0
[2026-05-15 23:24:28] [INFO] [rk3568_vision] FPS: 1078.0 |  | 客户端: 0
[2026-05-15 23:24:29] [INFO] [rk3568_vision] FPS: 924.4 |  | 客户端: 0
[2026-05-15 23:24:30] [INFO] [rk3568_vision] FPS: 928.5 |  | 客户端: 0
[2026-05-15 23:24:31] [INFO] [rk3568_vision] FPS: 1050.8 |  | 客户端: 0
[2026-05-15 23:24:32] [INFO] [rk3568_vision] FPS: 1048.1 |  | 客户端: 0
[2026-05-15 23:24:33] [INFO] [rk3568_vision] FPS: 1068.3 |  | 客户端: 0
[2026-05-15 23:24:34] [INFO] [rk3568_vision] FPS: 999.3 |  | 客户端: 0
[2026-05-15 23:24:35] [INFO] [rk3568_vision] FPS: 1064.0 |  | 客户端: 0
[2026-05-15 23:24:36] [INFO] [rk3568_vision] FPS: 984.3 |  | 客户端: 0
[2026-05-15 23:24:37] [INFO] [rk3568_vision] FPS: 828.9 |  | 客户端: 0
[2026-05-15 23:24:38] [INFO] [rk3568_vision] FPS: 1000.6 |  | 客户端: 0
[2026-05-15 23:24:39] [INFO] [rk3568_vision] FPS: 1047.0 |  | 客户端: 0
[2026-05-15 23:24:40] [INFO] [rk3568_vision] FPS: 900.6 |  | 客户端: 0
[2026-05-15 23:24:41] [INFO] [rk3568_vision] FPS: 596.8 |  | 客户端: 0
[2026-05-15 23:24:42] [INFO] [rk3568_vision] FPS: 739.3 |  | 客户端: 0
[2026-05-15 23:24:43] [INFO] [rk3568_vision] FPS: 711.7 |  | 客户端: 0
[2026-05-15 23:24:44] [INFO] [rk3568_vision] FPS: 800.0 |  | 客户端: 0
[2026-05-15 23:24:45] [INFO] [rk3568_vision] FPS: 819.9 |  | 客户端: 0
[2026-05-15 23:24:46] [INFO] [rk3568_vision] FPS: 704.8 |  | 客户端: 0
[2026-05-15 23:24:47] [INFO] [rk3568_vision] FPS: 1012.0 |  | 客户端: 0
[2026-05-15 23:24:48] [INFO] [rk3568_vision] FPS: 1118.5 |  | 客户端: 0
[2026-05-15 23:24:49] [INFO] [rk3568_vision] FPS: 1095.2 |  | 客户端: 0
[2026-05-15 23:24:50] [INFO] [rk3568_vision] FPS: 1099.9 |  | 客户端: 0
[2026-05-15 23:24:51] [INFO] [rk3568_vision] FPS: 1113.4 |  | 客户端: 0
[2026-05-15 23:24:52] [INFO] [rk3568_vision] FPS: 1053.5 |  | 客户端: 0
[2026-05-15 23:24:53] [INFO] [rk3568_vision] FPS: 979.5 |  | 客户端: 0
[2026-05-15 23:24:54] [INFO] [rk3568_vision] FPS: 783.3 |  | 客户端: 0
[2026-05-15 23:24:55] [INFO] [rk3568_vision] FPS: 792.8 |  | 客户端: 0
[2026-05-15 23:24:56] [INFO] [rk3568_vision] FPS: 765.9 |  | 客户端: 0
[2026-05-15 23:24:57] [INFO] [rk3568_vision] FPS: 665.5 |  | 客户端: 0
[2026-05-15 23:24:58] [INFO] [rk3568_vision] FPS: 824.8 |  | 客户端: 0
[2026-05-15 23:24:59] [INFO] [rk3568_vision] FPS: 759.2 |  | 客户端: 0
[2026-05-15 23:25:00] [INFO] [rk3568_vision] FPS: 626.3 |  | 客户端: 0
[2026-05-15 23:25:01] [INFO] [rk3568_vision] FPS: 817.8 |  | 客户端: 0
[2026-05-15 23:25:02] [INFO] [rk3568_vision] FPS: 943.5 |  | 客户端: 0
[2026-05-15 23:25:03] [INFO] [rk3568_vision] FPS: 946.2 |  | 客户端: 0
[2026-05-15 23:25:04] [INFO] [rk3568_vision] FPS: 921.0 |  | 客户端: 0
[2026-05-15 23:25:05] [INFO] [rk3568_vision] FPS: 932.7 |  | 客户端: 0
[2026-05-15 23:25:06] [INFO] [rk3568_vision] FPS: 892.8 |  | 客户端: 0
[2026-05-15 23:25:07] [INFO] [rk3568_vision] FPS: 850.6 |  | 客户端: 0
[2026-05-15 23:25:08] [INFO] [rk3568_vision] FPS: 960.4 |  | 客户端: 0
[2026-05-15 23:25:09] [INFO] [rk3568_vision] FPS: 951.4 |  | 客户端: 0
[2026-05-15 23:25:10] [INFO] [rk3568_vision] FPS: 897.8 |  | 客户端: 0
[2026-05-15 23:25:11] [INFO] [rk3568_vision] FPS: 735.8 |  | 客户端: 0
[2026-05-15 23:25:12] [INFO] [rk3568_vision] FPS: 761.7 |  | 客户端: 0
[2026-05-15 23:25:13] [INFO] [rk3568_vision] FPS: 771.3 |  | 客户端: 0
[2026-05-15 23:25:14] [INFO] [rk3568_vision] FPS: 954.1 |  | 客户端: 0
[2026-05-15 23:25:15] [INFO] [rk3568_vision] FPS: 1002.0 |  | 客户端: 0
[2026-05-15 23:25:16] [INFO] [rk3568_vision] FPS: 1022.6 |  | 客户端: 0
[2026-05-15 23:25:17] [INFO] [rk3568_vision] FPS: 1022.4 |  | 客户端: 0
[2026-05-15 23:25:18] [INFO] [rk3568_vision] FPS: 1099.3 |  | 客户端: 0
[2026-05-15 23:25:19] [INFO] [rk3568_vision] FPS: 1084.3 |  | 客户端: 0
[2026-05-15 23:25:20] [INFO] [rk3568_vision] FPS: 1099.8 |  | 客户端: 0
[2026-05-15 23:25:21] [INFO] [rk3568_vision] FPS: 1011.4 |  | 客户端: 0
[2026-05-15 23:25:22] [INFO] [rk3568_vision] FPS: 1086.5 |  | 客户端: 0
[2026-05-15 23:25:23] [INFO] [rk3568_vision] FPS: 999.9 |  | 客户端: 0
[2026-05-15 23:25:24] [INFO] [rk3568_vision] FPS: 1037.2 |  | 客户端: 0
[2026-05-15 23:25:25] [INFO] [rk3568_vision] FPS: 1015.4 |  | 客户端: 0
[2026-05-15 23:25:26] [INFO] [rk3568_vision] FPS: 1049.7 |  | 客户端: 0
[2026-05-15 23:25:27] [INFO] [rk3568_vision] FPS: 1008.3 |  | 客户端: 0
[2026-05-15 23:25:28] [INFO] [rk3568_vision] FPS: 1033.6 |  | 客户端: 0
[2026-05-15 23:25:29] [INFO] [rk3568_vision] FPS: 1039.9 |  | 客户端: 0
[2026-05-15 23:25:30] [INFO] [rk3568_vision] FPS: 998.4 |  | 客户端: 0
[2026-05-15 23:25:31] [INFO] [rk3568_vision] FPS: 1096.7 |  | 客户端: 0
[2026-05-15 23:25:32] [INFO] [rk3568_vision] FPS: 1111.3 |  | 客户端: 0
[2026-05-15 23:25:33] [INFO] [rk3568_vision] FPS: 1102.6 |  | 客户端: 0
[2026-05-15 23:25:34] [INFO] [rk3568_vision] FPS: 1110.4 |  | 客户端: 0
[2026-05-15 23:25:35] [INFO] [rk3568_vision] FPS: 1041.7 |  | 客户端: 0
[2026-05-15 23:25:36] [INFO] [rk3568_vision] FPS: 975.6 |  | 客户端: 0
[2026-05-15 23:25:37] [INFO] [rk3568_vision] FPS: 1021.9 |  | 客户端: 0
[2026-05-15 23:25:38] [INFO] [rk3568_vision] FPS: 1068.7 |  | 客户端: 0
[2026-05-15 23:25:39] [INFO] [rk3568_vision] FPS: 1064.2 |  | 客户端: 0
[2026-05-15 23:25:40] [INFO] [rk3568_vision] FPS: 1117.1 |  | 客户端: 0
[2026-05-15 23:25:41] [INFO] [rk3568_vision] FPS: 1025.8 |  | 客户端: 0
[2026-05-15 23:25:42] [INFO] [rk3568_vision] FPS: 1056.8 |  | 客户端: 0
[2026-05-15 23:25:43] [INFO] [rk3568_vision] FPS: 1077.2 |  | 客户端: 0
[2026-05-15 23:25:44] [INFO] [rk3568_vision] FPS: 1069.1 |  | 客户端: 0
[2026-05-15 23:25:45] [INFO] [rk3568_vision] FPS: 1048.5 |  | 客户端: 0
[2026-05-15 23:25:46] [INFO] [rk3568_vision] FPS: 976.4 |  | 客户端: 0
[2026-05-15 23:25:47] [INFO] [rk3568_vision] FPS: 1015.3 |  | 客户端: 0
[2026-05-15 23:25:48] [INFO] [rk3568_vision] FPS: 1034.3 |  | 客户端: 0
[2026-05-15 23:25:49] [INFO] [rk3568_vision] FPS: 985.2 |  | 客户端: 0
[2026-05-15 23:25:50] [INFO] [rk3568_vision] FPS: 855.6 |  | 客户端: 0
[2026-05-15 23:25:51] [INFO] [rk3568_vision] FPS: 842.7 |  | 客户端: 0
[2026-05-15 23:25:52] [INFO] [rk3568_vision] FPS: 1020.7 |  | 客户端: 0
[2026-05-15 23:25:53] [INFO] [rk3568_vision] FPS: 1041.2 |  | 客户端: 0
[2026-05-15 23:25:54] [INFO] [rk3568_vision] FPS: 1100.1 |  | 客户端: 0
[2026-05-15 23:25:55] [INFO] [rk3568_vision] FPS: 1095.2 |  | 客户端: 0
[2026-05-15 23:25:56] [INFO] [rk3568_vision] FPS: 1104.4 |  | 客户端: 0
[2026-05-15 23:25:57] [INFO] [rk3568_vision] FPS: 1100.9 |  | 客户端: 0
[2026-05-15 23:25:58] [INFO] [rk3568_vision] FPS: 1108.6 |  | 客户端: 0
[2026-05-15 23:25:59] [INFO] [rk3568_vision] FPS: 1103.1 |  | 客户端: 0
[2026-05-15 23:26:00] [INFO] [rk3568_vision] FPS: 1108.6 |  | 客户端: 0
[2026-05-15 23:26:01] [INFO] [rk3568_vision] FPS: 1011.1 |  | 客户端: 0
[2026-05-15 23:26:02] [INFO] [rk3568_vision] FPS: 1097.3 |  | 客户端: 0
[2026-05-15 23:26:03] [INFO] [rk3568_vision] FPS: 1049.7 |  | 客户端: 0
[2026-05-15 23:26:04] [INFO] [rk3568_vision] FPS: 1030.2 |  | 客户端: 0
[2026-05-15 23:26:05] [INFO] [rk3568_vision] 收到退出信号，正在停止...
[2026-05-15 23:26:05] [INFO] [rk3568_vision] 正在释放资源...
[2026-05-15 23:26:05] [INFO] [camera] 视频流已停止
[2026-05-15 23:26:05] [ERROR] [ws_pusher] WebSocket 服务器异常: Event loop stopped before Future completed.
[2026-05-15 23:26:05] [INFO] [ws_pusher] WebSocket 推送服务已停止
[2026-05-15 23:26:05] [INFO] [rk3568_vision] 系统已停止
[2026-05-15 23:27:45] [INFO] [rk3568_vision] ============================================================
[2026-05-15 23:27:45] [INFO] [rk3568_vision] RK3568 智能视觉识别系统启动
[2026-05-15 23:27:45] [INFO] [rk3568_vision] ============================================================
[2026-05-15 23:27:45] [INFO] [rk3568_vision] NPU 加速: 关闭
[2026-05-15 23:27:45] [INFO] [camera] 摄像头初始化，使用子码流
[2026-05-15 23:27:45] [INFO] [camera] RTSP 地址: rtsp://admin:***@192.168.0.66:554/Streaming/Channels/201
[2026-05-15 23:27:46] [INFO] [camera] 视频流连接成功: 1920x1080 @ 25.0fps
[2026-05-15 23:27:46] [INFO] [ws_pusher] WebSocket 推送服务初始化: ws://0.0.0.0:8765
[2026-05-15 23:27:46] [INFO] [ws_pusher] WebSocket 推送服务已启动
[2026-05-15 23:27:46] [INFO] [camera] 视频流读取线程已启动
[2026-05-15 23:27:46] [INFO] [rk3568_vision] 开始实时检测...
[2026-05-15 23:27:46] [INFO] [rk3568_vision] WebSocket 客户端连接数: 0
[2026-05-15 23:27:46] [INFO] [ws_pusher] WebSocket 服务器运行中: ws://0.0.0.0:8765
[2026-05-15 23:27:47] [INFO] [rk3568_vision] FPS: 990.4 |  | 客户端: 0
[2026-05-15 23:27:48] [INFO] [rk3568_vision] FPS: 1119.4 |  | 客户端: 0
[2026-05-15 23:27:49] [INFO] [rk3568_vision] FPS: 1130.7 |  | 客户端: 0
[2026-05-15 23:27:50] [INFO] [ws_pusher] PC 客户端已连接: ('127.0.0.1', 10007), 当前连接数: 1
[2026-05-15 23:27:50] [INFO] [rk3568_vision] FPS: 920.7 |  | 客户端: 1
[2026-05-15 23:27:51] [INFO] [rk3568_vision] FPS: 906.0 |  | 客户端: 1
[2026-05-15 23:27:52] [INFO] [rk3568_vision] FPS: 919.6 |  | 客户端: 1
[2026-05-15 23:27:53] [INFO] [rk3568_vision] FPS: 922.6 |  | 客户端: 1
[2026-05-15 23:27:54] [INFO] [rk3568_vision] FPS: 938.1 |  | 客户端: 1
[2026-05-15 23:27:55] [INFO] [rk3568_vision] FPS: 946.8 |  | 客户端: 1
[2026-05-15 23:27:56] [INFO] [rk3568_vision] FPS: 935.2 |  | 客户端: 1
[2026-05-15 23:27:57] [INFO] [rk3568_vision] FPS: 956.7 |  | 客户端: 1
[2026-05-15 23:27:58] [INFO] [rk3568_vision] FPS: 944.8 |  | 客户端: 1
[2026-05-15 23:27:59] [INFO] [rk3568_vision] FPS: 935.4 |  | 客户端: 1
[2026-05-15 23:28:00] [INFO] [rk3568_vision] FPS: 948.4 |  | 客户端: 1
[2026-05-15 23:28:01] [INFO] [rk3568_vision] FPS: 928.8 |  | 客户端: 1
[2026-05-15 23:28:02] [INFO] [rk3568_vision] FPS: 929.8 |  | 客户端: 1
[2026-05-15 23:28:03] [INFO] [rk3568_vision] FPS: 921.2 |  | 客户端: 1
[2026-05-15 23:28:04] [INFO] [rk3568_vision] FPS: 936.3 |  | 客户端: 1
[2026-05-15 23:28:05] [INFO] [rk3568_vision] FPS: 946.2 |  | 客户端: 1
[2026-05-15 23:28:06] [INFO] [rk3568_vision] FPS: 948.9 |  | 客户端: 1
[2026-05-15 23:28:07] [INFO] [rk3568_vision] FPS: 957.2 |  | 客户端: 1
[2026-05-15 23:28:08] [INFO] [rk3568_vision] FPS: 960.1 |  | 客户端: 1
[2026-05-15 23:28:09] [INFO] [rk3568_vision] FPS: 946.3 |  | 客户端: 1
[2026-05-15 23:28:10] [INFO] [rk3568_vision] FPS: 917.5 |  | 客户端: 1
[2026-05-15 23:28:11] [INFO] [rk3568_vision] FPS: 924.4 |  | 客户端: 1
[2026-05-15 23:28:12] [INFO] [rk3568_vision] FPS: 905.9 |  | 客户端: 1
[2026-05-15 23:28:13] [INFO] [rk3568_vision] FPS: 911.3 |  | 客户端: 1
[2026-05-15 23:28:14] [INFO] [rk3568_vision] FPS: 921.2 |  | 客户端: 1
[2026-05-15 23:28:15] [INFO] [rk3568_vision] FPS: 959.2 |  | 客户端: 1
[2026-05-15 23:28:16] [INFO] [rk3568_vision] FPS: 959.2 |  | 客户端: 1
[2026-05-15 23:28:17] [INFO] [rk3568_vision] FPS: 923.2 |  | 客户端: 1
[2026-05-15 23:28:18] [INFO] [rk3568_vision] FPS: 904.6 |  | 客户端: 1
[2026-05-15 23:28:19] [INFO] [rk3568_vision] FPS: 875.8 |  | 客户端: 1
[2026-05-15 23:28:20] [INFO] [rk3568_vision] FPS: 889.9 |  | 客户端: 1
[2026-05-15 23:28:21] [INFO] [rk3568_vision] FPS: 897.8 |  | 客户端: 1
[2026-05-15 23:28:22] [INFO] [rk3568_vision] FPS: 884.2 |  | 客户端: 1
[2026-05-15 23:28:23] [INFO] [rk3568_vision] FPS: 893.2 |  | 客户端: 1
[2026-05-15 23:28:24] [INFO] [rk3568_vision] FPS: 886.9 |  | 客户端: 1
[2026-05-15 23:28:25] [INFO] [rk3568_vision] FPS: 868.8 |  | 客户端: 1
[2026-05-15 23:28:26] [INFO] [rk3568_vision] FPS: 905.2 |  | 客户端: 1
[2026-05-15 23:28:27] [INFO] [rk3568_vision] FPS: 909.5 |  | 客户端: 1
[2026-05-15 23:28:28] [INFO] [rk3568_vision] FPS: 883.9 |  | 客户端: 1
[2026-05-15 23:28:29] [INFO] [rk3568_vision] FPS: 891.5 |  | 客户端: 1
[2026-05-15 23:28:30] [INFO] [rk3568_vision] FPS: 968.4 |  | 客户端: 1
[2026-05-15 23:28:31] [INFO] [rk3568_vision] FPS: 1022.5 |  | 客户端: 1
[2026-05-15 23:28:32] [INFO] [rk3568_vision] FPS: 1062.9 |  | 客户端: 1
[2026-05-15 23:28:33] [INFO] [rk3568_vision] FPS: 1069.2 |  | 客户端: 1
[2026-05-15 23:28:34] [INFO] [rk3568_vision] FPS: 1043.2 |  | 客户端: 1
[2026-05-15 23:28:35] [INFO] [rk3568_vision] FPS: 931.2 |  | 客户端: 1
[2026-05-15 23:28:36] [INFO] [rk3568_vision] FPS: 979.8 |  | 客户端: 1
[2026-05-15 23:28:37] [INFO] [rk3568_vision] 收到退出信号，正在停止...
[2026-05-15 23:28:37] [INFO] [rk3568_vision] 正在释放资源...
[2026-05-15 23:28:37] [INFO] [camera] 视频流已停止
[2026-05-15 23:28:37] [ERROR] [ws_pusher] WebSocket 服务器异常: Event loop stopped before Future completed.
[2026-05-15 23:28:37] [INFO] [ws_pusher] WebSocket 推送服务已停止
[2026-05-15 23:28:37] [INFO] [rk3568_vision] 系统已停止
[2026-05-15 23:28:37] [INFO] [ws_pusher] PC 客户端已断开: ('127.0.0.1', 10007)
[2026-05-15 23:33:33] [INFO] [rk3568_vision] ============================================================
[2026-05-15 23:33:33] [INFO] [rk3568_vision] RK3568 智能视觉识别系统启动
[2026-05-15 23:33:33] [INFO] [rk3568_vision] ============================================================
[2026-05-15 23:33:33] [INFO] [rk3568_vision] NPU 加速: 关闭
[2026-05-15 23:33:33] [INFO] [camera] 摄像头初始化，使用子码流
[2026-05-15 23:33:33] [INFO] [camera] RTSP 地址: rtsp://admin:***@192.168.0.66:554/Streaming/Channels/201
[2026-05-15 23:33:34] [INFO] [camera] 视频流连接成功: 1920x1080 @ 25.0fps
[2026-05-15 23:33:34] [INFO] [ws_pusher] WebSocket 推送服务初始化: ws://0.0.0.0:8765
[2026-05-15 23:33:34] [INFO] [ws_pusher] WebSocket 推送服务已启动
[2026-05-15 23:33:34] [INFO] [camera] 视频流读取线程已启动
[2026-05-15 23:33:34] [INFO] [rk3568_vision] 开始实时检测...
[2026-05-15 23:33:34] [INFO] [rk3568_vision] WebSocket 客户端连接数: 0
[2026-05-15 23:33:34] [INFO] [ws_pusher] WebSocket 服务器运行中: ws://0.0.0.0:8765
[2026-05-15 23:33:35] [INFO] [rk3568_vision] FPS: 926.6 |  | 客户端: 0
[2026-05-15 23:33:36] [INFO] [rk3568_vision] FPS: 932.3 |  | 客户端: 0
[2026-05-15 23:33:37] [INFO] [rk3568_vision] FPS: 831.5 |  | 客户端: 0
[2026-05-15 23:33:38] [INFO] [rk3568_vision] FPS: 1140.9 |  | 客户端: 0
[2026-05-15 23:33:39] [INFO] [rk3568_vision] FPS: 1153.4 |  | 客户端: 0
[2026-05-15 23:33:40] [INFO] [rk3568_vision] FPS: 1155.5 |  | 客户端: 0
[2026-05-15 23:33:41] [INFO] [ws_pusher] PC 客户端已连接: ('127.0.0.1', 63292), 当前连接数: 1
[2026-05-15 23:33:41] [INFO] [rk3568_vision] FPS: 1114.6 |  | 客户端: 1
[2026-05-15 23:33:42] [INFO] [rk3568_vision] FPS: 988.4 |  | 客户端: 1
[2026-05-15 23:33:43] [INFO] [rk3568_vision] FPS: 943.1 |  | 客户端: 1
[2026-05-15 23:33:44] [INFO] [rk3568_vision] FPS: 1030.2 |  | 客户端: 1
[2026-05-15 23:33:45] [INFO] [rk3568_vision] FPS: 1032.0 |  | 客户端: 1
[2026-05-15 23:33:46] [INFO] [rk3568_vision] FPS: 1014.3 |  | 客户端: 1
[2026-05-15 23:33:47] [INFO] [rk3568_vision] FPS: 983.7 |  | 客户端: 1
[2026-05-15 23:33:48] [INFO] [rk3568_vision] FPS: 986.5 |  | 客户端: 1
[2026-05-15 23:33:49] [INFO] [rk3568_vision] FPS: 1030.9 |  | 客户端: 1
[2026-05-15 23:33:50] [INFO] [rk3568_vision] FPS: 1053.5 |  | 客户端: 1
[2026-05-15 23:33:51] [INFO] [ws_pusher] PC 客户端已断开: ('127.0.0.1', 63292)
[2026-05-15 23:33:51] [INFO] [rk3568_vision] FPS: 1062.3 |  | 客户端: 0
[2026-05-15 23:33:52] [INFO] [rk3568_vision] FPS: 1130.1 |  | 客户端: 0
[2026-05-15 23:33:53] [INFO] [rk3568_vision] FPS: 1103.9 |  | 客户端: 0
[2026-05-15 23:33:54] [INFO] [rk3568_vision] FPS: 1081.7 |  | 客户端: 0
[2026-05-15 23:33:55] [INFO] [rk3568_vision] FPS: 1147.8 |  | 客户端: 0
[2026-05-15 23:33:56] [INFO] [rk3568_vision] FPS: 1113.8 |  | 客户端: 0
[2026-05-15 23:33:57] [INFO] [rk3568_vision] FPS: 1008.7 |  | 客户端: 0
[2026-05-15 23:33:58] [INFO] [rk3568_vision] FPS: 726.1 |  | 客户端: 0
[2026-05-15 23:33:59] [INFO] [rk3568_vision] FPS: 759.7 |  | 客户端: 0
[2026-05-15 23:34:00] [INFO] [rk3568_vision] FPS: 940.2 |  | 客户端: 0
[2026-05-15 23:34:01] [INFO] [rk3568_vision] FPS: 1048.3 |  | 客户端: 0
[2026-05-15 23:34:02] [INFO] [rk3568_vision] FPS: 1061.8 |  | 客户端: 0
[2026-05-15 23:34:03] [INFO] [rk3568_vision] FPS: 1096.1 |  | 客户端: 0
[2026-05-15 23:34:04] [INFO] [rk3568_vision] FPS: 1087.0 |  | 客户端: 0
[2026-05-15 23:34:05] [INFO] [rk3568_vision] FPS: 1050.8 |  | 客户端: 0
[2026-05-15 23:34:06] [INFO] [rk3568_vision] FPS: 1068.9 |  | 客户端: 0
[2026-05-15 23:34:07] [INFO] [rk3568_vision] FPS: 1107.9 |  | 客户端: 0
[2026-05-15 23:34:08] [INFO] [rk3568_vision] FPS: 1084.2 |  | 客户端: 0
[2026-05-15 23:34:09] [INFO] [rk3568_vision] FPS: 1032.8 |  | 客户端: 0
[2026-05-15 23:34:10] [INFO] [rk3568_vision] FPS: 1005.9 |  | 客户端: 0
[2026-05-15 23:34:11] [INFO] [rk3568_vision] FPS: 1030.1 |  | 客户端: 0
[2026-05-15 23:34:12] [INFO] [rk3568_vision] FPS: 1107.3 |  | 客户端: 0
[2026-05-15 23:34:13] [INFO] [rk3568_vision] FPS: 1149.8 |  | 客户端: 0
[2026-05-15 23:34:14] [INFO] [rk3568_vision] FPS: 1150.6 |  | 客户端: 0
[2026-05-15 23:34:15] [INFO] [rk3568_vision] FPS: 1146.1 |  | 客户端: 0
[2026-05-15 23:34:16] [INFO] [rk3568_vision] FPS: 1102.9 |  | 客户端: 0
[2026-05-15 23:34:17] [INFO] [rk3568_vision] FPS: 1053.2 |  | 客户端: 0
[2026-05-15 23:34:18] [INFO] [rk3568_vision] FPS: 1058.7 |  | 客户端: 0
[2026-05-15 23:34:19] [INFO] [rk3568_vision] FPS: 1076.6 |  | 客户端: 0
[2026-05-15 23:34:20] [INFO] [rk3568_vision] FPS: 1091.3 |  | 客户端: 0
[2026-05-15 23:34:21] [INFO] [rk3568_vision] FPS: 1097.2 |  | 客户端: 0
[2026-05-15 23:34:22] [INFO] [rk3568_vision] FPS: 1088.9 |  | 客户端: 0
[2026-05-15 23:34:23] [INFO] [rk3568_vision] FPS: 1110.4 |  | 客户端: 0
[2026-05-15 23:34:24] [INFO] [rk3568_vision] FPS: 1116.1 |  | 客户端: 0
[2026-05-15 23:34:25] [INFO] [rk3568_vision] FPS: 1070.3 |  | 客户端: 0
[2026-05-15 23:34:26] [INFO] [rk3568_vision] FPS: 1007.4 |  | 客户端: 0
[2026-05-15 23:34:27] [INFO] [rk3568_vision] FPS: 1071.0 |  | 客户端: 0
[2026-05-15 23:34:28] [INFO] [rk3568_vision] FPS: 1052.5 |  | 客户端: 0
[2026-05-15 23:34:29] [INFO] [rk3568_vision] FPS: 1116.1 |  | 客户端: 0
[2026-05-15 23:34:30] [INFO] [rk3568_vision] FPS: 1099.6 |  | 客户端: 0
[2026-05-15 23:34:31] [INFO] [rk3568_vision] FPS: 1134.9 |  | 客户端: 0
[2026-05-15 23:34:32] [INFO] [rk3568_vision] FPS: 1136.4 |  | 客户端: 0
[2026-05-15 23:34:33] [INFO] [rk3568_vision] FPS: 1012.2 |  | 客户端: 0
[2026-05-15 23:34:34] [INFO] [rk3568_vision] FPS: 1082.8 |  | 客户端: 0
[2026-05-15 23:34:35] [INFO] [rk3568_vision] FPS: 1086.1 |  | 客户端: 0
[2026-05-15 23:34:36] [INFO] [rk3568_vision] FPS: 1116.3 |  | 客户端: 0
[2026-05-15 23:34:37] [INFO] [rk3568_vision] FPS: 1135.7 |  | 客户端: 0
[2026-05-15 23:34:38] [INFO] [rk3568_vision] FPS: 1145.3 |  | 客户端: 0
[2026-05-15 23:34:39] [INFO] [rk3568_vision] FPS: 1137.2 |  | 客户端: 0
[2026-05-15 23:34:40] [INFO] [rk3568_vision] FPS: 1143.3 |  | 客户端: 0
[2026-05-15 23:34:41] [INFO] [rk3568_vision] FPS: 1108.2 |  | 客户端: 0
[2026-05-15 23:34:42] [INFO] [rk3568_vision] FPS: 1108.7 |  | 客户端: 0
[2026-05-15 23:34:43] [INFO] [rk3568_vision] FPS: 1147.9 |  | 客户端: 0
[2026-05-15 23:34:44] [INFO] [rk3568_vision] FPS: 1128.7 |  | 客户端: 0
[2026-05-15 23:34:45] [INFO] [rk3568_vision] FPS: 1127.1 |  | 客户端: 0
[2026-05-15 23:34:46] [INFO] [rk3568_vision] FPS: 1118.2 |  | 客户端: 0
[2026-05-15 23:34:47] [INFO] [rk3568_vision] FPS: 1063.2 |  | 客户端: 0
[2026-05-15 23:34:48] [INFO] [rk3568_vision] FPS: 1048.8 |  | 客户端: 0
[2026-05-15 23:34:49] [INFO] [rk3568_vision] FPS: 1057.1 |  | 客户端: 0
[2026-05-15 23:34:50] [INFO] [rk3568_vision] FPS: 1066.0 |  | 客户端: 0
[2026-05-15 23:34:51] [INFO] [rk3568_vision] FPS: 1096.1 |  | 客户端: 0
[2026-05-15 23:34:52] [INFO] [rk3568_vision] FPS: 1131.7 |  | 客户端: 0
[2026-05-15 23:34:53] [INFO] [rk3568_vision] FPS: 1124.9 |  | 客户端: 0
[2026-05-15 23:34:54] [INFO] [rk3568_vision] FPS: 1138.4 |  | 客户端: 0
[2026-05-15 23:34:55] [INFO] [rk3568_vision] FPS: 1142.9 |  | 客户端: 0
[2026-05-15 23:34:56] [INFO] [rk3568_vision] FPS: 1049.8 |  | 客户端: 0
[2026-05-15 23:34:57] [INFO] [rk3568_vision] FPS: 1061.5 |  | 客户端: 0
[2026-05-15 23:34:58] [INFO] [rk3568_vision] FPS: 1101.4 |  | 客户端: 0
[2026-05-15 23:34:59] [INFO] [rk3568_vision] FPS: 1113.2 |  | 客户端: 0
[2026-05-15 23:35:00] [INFO] [rk3568_vision] FPS: 1091.3 |  | 客户端: 0
[2026-05-15 23:35:01] [INFO] [rk3568_vision] FPS: 1105.9 |  | 客户端: 0
[2026-05-15 23:35:02] [INFO] [rk3568_vision] FPS: 1125.4 |  | 客户端: 0
[2026-05-15 23:35:03] [INFO] [rk3568_vision] FPS: 1132.6 |  | 客户端: 0
[2026-05-15 23:35:04] [INFO] [rk3568_vision] FPS: 1118.3 |  | 客户端: 0
[2026-05-15 23:35:05] [INFO] [rk3568_vision] FPS: 1068.2 |  | 客户端: 0
[2026-05-15 23:35:06] [INFO] [rk3568_vision] FPS: 1052.5 |  | 客户端: 0
[2026-05-15 23:35:07] [INFO] [rk3568_vision] FPS: 1064.9 |  | 客户端: 0
[2026-05-15 23:35:08] [INFO] [rk3568_vision] FPS: 1049.3 |  | 客户端: 0
[2026-05-15 23:35:09] [INFO] [rk3568_vision] FPS: 1074.8 |  | 客户端: 0
[2026-05-15 23:35:10] [INFO] [rk3568_vision] FPS: 1051.3 |  | 客户端: 0
[2026-05-15 23:35:11] [INFO] [rk3568_vision] FPS: 1067.2 |  | 客户端: 0
[2026-05-15 23:35:12] [INFO] [rk3568_vision] FPS: 1117.2 |  | 客户端: 0
[2026-05-15 23:35:13] [INFO] [rk3568_vision] FPS: 1123.3 |  | 客户端: 0
[2026-05-15 23:35:14] [INFO] [rk3568_vision] FPS: 1132.1 |  | 客户端: 0
[2026-05-15 23:35:15] [INFO] [rk3568_vision] FPS: 1126.9 |  | 客户端: 0
[2026-05-15 23:35:16] [INFO] [rk3568_vision] FPS: 1127.5 |  | 客户端: 0
[2026-05-15 23:35:17] [INFO] [rk3568_vision] FPS: 1095.3 |  | 客户端: 0
[2026-05-15 23:35:18] [INFO] [rk3568_vision] FPS: 1117.6 |  | 客户端: 0
[2026-05-15 23:35:19] [INFO] [rk3568_vision] FPS: 1076.2 |  | 客户端: 0
[2026-05-15 23:35:20] [INFO] [rk3568_vision] FPS: 1076.2 |  | 客户端: 0
[2026-05-15 23:35:21] [INFO] [rk3568_vision] FPS: 1121.8 |  | 客户端: 0
[2026-05-15 23:35:22] [INFO] [rk3568_vision] FPS: 1127.0 |  | 客户端: 0
[2026-05-15 23:35:23] [INFO] [rk3568_vision] FPS: 1137.5 |  | 客户端: 0
[2026-05-15 23:35:24] [INFO] [rk3568_vision] FPS: 1012.2 |  | 客户端: 0
[2026-05-15 23:35:25] [INFO] [rk3568_vision] FPS: 1002.9 |  | 客户端: 0
[2026-05-15 23:35:26] [INFO] [rk3568_vision] FPS: 1039.2 |  | 客户端: 0
[2026-05-15 23:35:27] [INFO] [rk3568_vision] FPS: 1082.5 |  | 客户端: 0
[2026-05-15 23:35:28] [INFO] [rk3568_vision] FPS: 1124.8 |  | 客户端: 0
[2026-05-15 23:35:29] [INFO] [rk3568_vision] FPS: 1153.5 |  | 客户端: 0
[2026-05-15 23:35:30] [INFO] [rk3568_vision] FPS: 1155.2 |  | 客户端: 0
[2026-05-15 23:35:31] [INFO] [rk3568_vision] FPS: 1149.3 |  | 客户端: 0
[2026-05-15 23:35:32] [INFO] [rk3568_vision] FPS: 1152.5 |  | 客户端: 0
[2026-05-15 23:35:33] [INFO] [rk3568_vision] FPS: 1158.0 |  | 客户端: 0
[2026-05-15 23:35:34] [INFO] [rk3568_vision] FPS: 1153.9 |  | 客户端: 0
[2026-05-15 23:35:35] [INFO] [rk3568_vision] FPS: 1153.9 |  | 客户端: 0
[2026-05-15 23:35:36] [INFO] [rk3568_vision] FPS: 1152.1 |  | 客户端: 0
[2026-05-15 23:35:37] [INFO] [rk3568_vision] FPS: 1153.3 |  | 客户端: 0
[2026-05-15 23:35:38] [INFO] [rk3568_vision] FPS: 1154.1 |  | 客户端: 0
[2026-05-15 23:35:39] [INFO] [rk3568_vision] FPS: 1151.7 |  | 客户端: 0
[2026-05-15 23:35:40] [INFO] [rk3568_vision] FPS: 1153.1 |  | 客户端: 0
[2026-05-15 23:35:41] [INFO] [rk3568_vision] FPS: 1153.3 |  | 客户端: 0
[2026-05-15 23:35:42] [INFO] [rk3568_vision] FPS: 1158.5 |  | 客户端: 0
[2026-05-15 23:35:43] [INFO] [rk3568_vision] FPS: 1134.2 |  | 客户端: 0
[2026-05-15 23:35:44] [INFO] [rk3568_vision] FPS: 1150.6 |  | 客户端: 0
[2026-05-15 23:35:45] [INFO] [rk3568_vision] FPS: 1155.8 |  | 客户端: 0
[2026-05-15 23:35:46] [INFO] [rk3568_vision] FPS: 1148.7 |  | 客户端: 0
[2026-05-15 23:35:47] [INFO] [rk3568_vision] FPS: 1152.5 |  | 客户端: 0
[2026-05-15 23:35:48] [INFO] [rk3568_vision] FPS: 1157.3 |  | 客户端: 0
[2026-05-15 23:35:49] [INFO] [rk3568_vision] FPS: 1149.0 |  | 客户端: 0
[2026-05-15 23:35:50] [INFO] [rk3568_vision] FPS: 1156.6 |  | 客户端: 0
[2026-05-15 23:35:51] [INFO] [rk3568_vision] FPS: 1137.1 |  | 客户端: 0
[2026-05-15 23:35:52] [INFO] [rk3568_vision] FPS: 1151.4 |  | 客户端: 0
[2026-05-15 23:35:53] [INFO] [rk3568_vision] FPS: 1155.7 |  | 客户端: 0
[2026-05-15 23:35:54] [INFO] [rk3568_vision] FPS: 1129.3 |  | 客户端: 0
[2026-05-15 23:35:55] [INFO] [rk3568_vision] FPS: 1078.8 |  | 客户端: 0
[2026-05-15 23:35:56] [INFO] [rk3568_vision] FPS: 1129.1 |  | 客户端: 0
[2026-05-15 23:35:57] [INFO] [rk3568_vision] FPS: 1126.6 |  | 客户端: 0
[2026-05-15 23:35:58] [INFO] [rk3568_vision] FPS: 1150.8 |  | 客户端: 0
[2026-05-15 23:35:59] [INFO] [rk3568_vision] FPS: 1143.2 |  | 客户端: 0
[2026-05-15 23:36:00] [INFO] [rk3568_vision] FPS: 1105.3 |  | 客户端: 0
[2026-05-15 23:36:01] [INFO] [rk3568_vision] FPS: 1136.4 |  | 客户端: 0
[2026-05-15 23:36:02] [INFO] [rk3568_vision] FPS: 1134.6 |  | 客户端: 0
[2026-05-15 23:36:03] [INFO] [rk3568_vision] FPS: 1132.8 |  | 客户端: 0
[2026-05-15 23:36:04] [INFO] [rk3568_vision] FPS: 1146.7 |  | 客户端: 0
[2026-05-15 23:36:05] [INFO] [rk3568_vision] FPS: 1061.9 |  | 客户端: 0
[2026-05-15 23:36:06] [INFO] [rk3568_vision] FPS: 1123.6 |  | 客户端: 0
[2026-05-15 23:36:07] [INFO] [rk3568_vision] FPS: 1152.9 |  | 客户端: 0
[2026-05-15 23:36:08] [INFO] [rk3568_vision] FPS: 1154.6 |  | 客户端: 0
[2026-05-15 23:36:09] [INFO] [rk3568_vision] FPS: 1153.1 |  | 客户端: 0
[2026-05-15 23:36:10] [INFO] [rk3568_vision] FPS: 1152.3 |  | 客户端: 0
[2026-05-15 23:36:11] [INFO] [rk3568_vision] FPS: 1149.3 |  | 客户端: 0
[2026-05-15 23:36:12] [INFO] [rk3568_vision] FPS: 1155.9 |  | 客户端: 0
[2026-05-15 23:36:13] [INFO] [rk3568_vision] FPS: 1148.7 |  | 客户端: 0
[2026-05-15 23:36:14] [INFO] [rk3568_vision] FPS: 1154.7 |  | 客户端: 0
[2026-05-15 23:36:15] [INFO] [rk3568_vision] FPS: 1157.6 |  | 客户端: 0
[2026-05-15 23:36:16] [INFO] [rk3568_vision] FPS: 1152.5 |  | 客户端: 0
[2026-05-15 23:36:17] [INFO] [rk3568_vision] FPS: 1151.1 |  | 客户端: 0
[2026-05-15 23:36:18] [INFO] [rk3568_vision] FPS: 1132.5 |  | 客户端: 0
[2026-05-15 23:36:19] [INFO] [rk3568_vision] FPS: 1094.2 |  | 客户端: 0
[2026-05-15 23:36:20] [INFO] [rk3568_vision] FPS: 1057.6 |  | 客户端: 0
[2026-05-15 23:36:21] [INFO] [rk3568_vision] FPS: 1070.5 |  | 客户端: 0
[2026-05-15 23:36:22] [INFO] [rk3568_vision] FPS: 1110.0 |  | 客户端: 0
[2026-05-15 23:36:23] [INFO] [rk3568_vision] FPS: 1104.4 |  | 客户端: 0
[2026-05-15 23:36:24] [INFO] [rk3568_vision] FPS: 1079.1 |  | 客户端: 0
[2026-05-15 23:36:25] [INFO] [rk3568_vision] FPS: 1096.6 |  | 客户端: 0
[2026-05-15 23:36:26] [INFO] [rk3568_vision] FPS: 1106.4 |  | 客户端: 0
[2026-05-15 23:36:27] [INFO] [rk3568_vision] FPS: 1061.6 |  | 客户端: 0
[2026-05-15 23:36:28] [INFO] [rk3568_vision] FPS: 1066.4 |  | 客户端: 0
[2026-05-15 23:36:29] [INFO] [rk3568_vision] FPS: 1074.4 |  | 客户端: 0
[2026-05-15 23:36:30] [INFO] [rk3568_vision] FPS: 1113.8 |  | 客户端: 0
[2026-05-15 23:36:31] [INFO] [rk3568_vision] FPS: 1141.3 |  | 客户端: 0
[2026-05-15 23:36:32] [INFO] [rk3568_vision] FPS: 1132.5 |  | 客户端: 0
[2026-05-15 23:36:33] [INFO] [rk3568_vision] FPS: 1139.1 |  | 客户端: 0
[2026-05-15 23:36:34] [INFO] [rk3568_vision] FPS: 1124.0 |  | 客户端: 0
[2026-05-15 23:36:35] [INFO] [rk3568_vision] FPS: 1028.4 |  | 客户端: 0
[2026-05-15 23:36:36] [INFO] [rk3568_vision] FPS: 1104.7 |  | 客户端: 0
[2026-05-15 23:36:37] [INFO] [rk3568_vision] FPS: 1019.2 |  | 客户端: 0
[2026-05-15 23:36:38] [INFO] [rk3568_vision] FPS: 1136.7 |  | 客户端: 0
[2026-05-15 23:36:39] [INFO] [rk3568_vision] FPS: 1118.2 |  | 客户端: 0
[2026-05-15 23:36:40] [INFO] [rk3568_vision] FPS: 1147.2 |  | 客户端: 0
[2026-05-15 23:36:41] [INFO] [rk3568_vision] FPS: 1143.1 |  | 客户端: 0
[2026-05-15 23:36:42] [INFO] [rk3568_vision] FPS: 1146.4 |  | 客户端: 0
[2026-05-15 23:36:43] [INFO] [rk3568_vision] FPS: 1091.5 |  | 客户端: 0
[2026-05-15 23:36:44] [INFO] [rk3568_vision] FPS: 1132.3 |  | 客户端: 0
[2026-05-15 23:36:45] [INFO] [rk3568_vision] FPS: 1159.1 |  | 客户端: 0
[2026-05-15 23:36:46] [INFO] [rk3568_vision] FPS: 1154.4 |  | 客户端: 0
[2026-05-15 23:36:47] [INFO] [rk3568_vision] FPS: 1113.9 |  | 客户端: 0
[2026-05-15 23:36:48] [INFO] [rk3568_vision] FPS: 1097.4 |  | 客户端: 0
[2026-05-15 23:36:49] [INFO] [rk3568_vision] FPS: 1075.3 |  | 客户端: 0
[2026-05-15 23:36:50] [INFO] [rk3568_vision] FPS: 1058.9 |  | 客户端: 0
[2026-05-15 23:36:51] [INFO] [rk3568_vision] FPS: 1096.0 |  | 客户端: 0
[2026-05-15 23:36:52] [INFO] [rk3568_vision] FPS: 1064.5 |  | 客户端: 0
[2026-05-15 23:36:53] [INFO] [rk3568_vision] FPS: 1130.2 |  | 客户端: 0
[2026-05-15 23:36:54] [INFO] [rk3568_vision] FPS: 1136.1 |  | 客户端: 0
[2026-05-15 23:36:55] [INFO] [rk3568_vision] FPS: 1142.1 |  | 客户端: 0
[2026-05-15 23:36:56] [INFO] [rk3568_vision] FPS: 1142.4 |  | 客户端: 0
[2026-05-15 23:36:57] [INFO] [rk3568_vision] FPS: 1147.1 |  | 客户端: 0
[2026-05-15 23:36:58] [INFO] [rk3568_vision] FPS: 1134.0 |  | 客户端: 0
[2026-05-15 23:36:59] [INFO] [rk3568_vision] FPS: 1141.2 |  | 客户端: 0
[2026-05-15 23:37:00] [INFO] [rk3568_vision] FPS: 1138.5 |  | 客户端: 0
[2026-05-15 23:37:01] [INFO] [rk3568_vision] FPS: 1101.5 |  | 客户端: 0
[2026-05-15 23:37:02] [INFO] [rk3568_vision] FPS: 1086.5 |  | 客户端: 0
[2026-05-15 23:37:03] [INFO] [rk3568_vision] FPS: 1081.5 |  | 客户端: 0
[2026-05-15 23:37:04] [INFO] [rk3568_vision] FPS: 1055.7 |  | 客户端: 0
[2026-05-15 23:37:05] [INFO] [rk3568_vision] FPS: 1135.8 |  | 客户端: 0
[2026-05-15 23:37:06] [INFO] [rk3568_vision] FPS: 1153.6 |  | 客户端: 0
[2026-05-15 23:37:07] [INFO] [rk3568_vision] FPS: 1155.8 |  | 客户端: 0
[2026-05-15 23:37:08] [INFO] [rk3568_vision] FPS: 1153.2 |  | 客户端: 0
[2026-05-15 23:37:09] [INFO] [rk3568_vision] FPS: 1115.8 |  | 客户端: 0
[2026-05-15 23:37:10] [INFO] [rk3568_vision] FPS: 1134.3 |  | 客户端: 0
[2026-05-15 23:37:11] [INFO] [rk3568_vision] FPS: 1116.1 |  | 客户端: 0
[2026-05-15 23:37:12] [INFO] [rk3568_vision] FPS: 1090.7 |  | 客户端: 0
[2026-05-15 23:37:13] [INFO] [rk3568_vision] FPS: 1053.2 |  | 客户端: 0
[2026-05-15 23:37:14] [INFO] [rk3568_vision] FPS: 1098.3 |  | 客户端: 0
[2026-05-15 23:37:15] [INFO] [rk3568_vision] FPS: 1122.9 |  | 客户端: 0
[2026-05-15 23:37:16] [INFO] [rk3568_vision] FPS: 1082.6 |  | 客户端: 0
[2026-05-15 23:37:17] [INFO] [rk3568_vision] FPS: 1104.0 |  | 客户端: 0
[2026-05-15 23:37:18] [INFO] [rk3568_vision] FPS: 1080.4 |  | 客户端: 0
[2026-05-15 23:37:19] [INFO] [rk3568_vision] FPS: 1102.8 |  | 客户端: 0
[2026-05-15 23:37:20] [INFO] [rk3568_vision] FPS: 1125.9 |  | 客户端: 0
[2026-05-15 23:37:21] [INFO] [rk3568_vision] FPS: 1122.9 |  | 客户端: 0
[2026-05-15 23:37:22] [INFO] [rk3568_vision] FPS: 1085.9 |  | 客户端: 0
[2026-05-15 23:37:23] [INFO] [rk3568_vision] FPS: 1108.3 |  | 客户端: 0
[2026-05-15 23:37:24] [INFO] [rk3568_vision] FPS: 1136.1 |  | 客户端: 0
[2026-05-15 23:37:25] [INFO] [rk3568_vision] FPS: 1143.2 |  | 客户端: 0
[2026-05-15 23:37:26] [INFO] [rk3568_vision] FPS: 1115.2 |  | 客户端: 0
[2026-05-15 23:37:27] [INFO] [rk3568_vision] FPS: 1059.9 |  | 客户端: 0
[2026-05-15 23:37:28] [INFO] [rk3568_vision] FPS: 1050.6 |  | 客户端: 0
[2026-05-15 23:37:29] [INFO] [rk3568_vision] FPS: 1079.3 |  | 客户端: 0
[2026-05-15 23:37:30] [INFO] [rk3568_vision] FPS: 1063.7 |  | 客户端: 0
[2026-05-15 23:37:31] [INFO] [rk3568_vision] FPS: 1057.1 |  | 客户端: 0
[2026-05-15 23:37:32] [INFO] [rk3568_vision] FPS: 1087.0 |  | 客户端: 0
[2026-05-15 23:37:33] [INFO] [rk3568_vision] FPS: 1085.2 |  | 客户端: 0
[2026-05-15 23:37:34] [INFO] [rk3568_vision] FPS: 1129.1 |  | 客户端: 0
[2026-05-15 23:37:35] [INFO] [rk3568_vision] FPS: 1139.0 |  | 客户端: 0
[2026-05-15 23:37:36] [INFO] [rk3568_vision] FPS: 1138.8 |  | 客户端: 0
[2026-05-15 23:37:37] [INFO] [rk3568_vision] FPS: 1141.1 |  | 客户端: 0
[2026-05-15 23:37:38] [INFO] [rk3568_vision] FPS: 1131.8 |  | 客户端: 0
[2026-05-15 23:37:39] [INFO] [rk3568_vision] FPS: 1085.6 |  | 客户端: 0
[2026-05-15 23:37:40] [INFO] [rk3568_vision] FPS: 1095.5 |  | 客户端: 0
[2026-05-15 23:37:41] [INFO] [rk3568_vision] FPS: 1049.8 |  | 客户端: 0
[2026-05-15 23:37:42] [INFO] [rk3568_vision] FPS: 1102.4 |  | 客户端: 0
[2026-05-15 23:37:43] [INFO] [rk3568_vision] FPS: 1098.0 |  | 客户端: 0
[2026-05-15 23:37:44] [INFO] [rk3568_vision] FPS: 1081.0 |  | 客户端: 0
[2026-05-15 23:37:45] [INFO] [rk3568_vision] FPS: 1027.2 |  | 客户端: 0
[2026-05-15 23:37:46] [INFO] [rk3568_vision] FPS: 1086.2 |  | 客户端: 0
[2026-05-15 23:37:47] [INFO] [rk3568_vision] FPS: 1067.8 |  | 客户端: 0
[2026-05-15 23:37:48] [INFO] [rk3568_vision] FPS: 1094.7 |  | 客户端: 0
[2026-05-15 23:37:49] [INFO] [rk3568_vision] FPS: 1115.7 |  | 客户端: 0
[2026-05-15 23:37:50] [INFO] [rk3568_vision] FPS: 1077.3 |  | 客户端: 0
[2026-05-15 23:37:51] [INFO] [rk3568_vision] FPS: 1105.9 |  | 客户端: 0
[2026-05-15 23:37:52] [INFO] [rk3568_vision] FPS: 1131.6 |  | 客户端: 0
[2026-05-15 23:37:53] [INFO] [rk3568_vision] FPS: 1137.2 |  | 客户端: 0
[2026-05-15 23:37:54] [INFO] [rk3568_vision] FPS: 1101.9 |  | 客户端: 0
[2026-05-15 23:37:55] [INFO] [rk3568_vision] FPS: 1124.5 |  | 客户端: 0
[2026-05-15 23:37:56] [INFO] [rk3568_vision] FPS: 988.9 |  | 客户端: 0
[2026-05-15 23:37:57] [INFO] [rk3568_vision] FPS: 1031.8 |  | 客户端: 0
[2026-05-15 23:37:58] [INFO] [rk3568_vision] FPS: 1069.4 |  | 客户端: 0
[2026-05-15 23:37:59] [INFO] [rk3568_vision] FPS: 1086.9 |  | 客户端: 0
[2026-05-15 23:38:00] [INFO] [rk3568_vision] FPS: 1123.5 |  | 客户端: 0
[2026-05-15 23:38:01] [INFO] [rk3568_vision] FPS: 1149.4 |  | 客户端: 0
[2026-05-15 23:38:02] [INFO] [rk3568_vision] FPS: 1120.0 |  | 客户端: 0
[2026-05-15 23:38:03] [INFO] [rk3568_vision] FPS: 1140.5 |  | 客户端: 0
[2026-05-15 23:38:04] [INFO] [rk3568_vision] FPS: 1134.0 |  | 客户端: 0
[2026-05-15 23:38:05] [INFO] [rk3568_vision] FPS: 1146.3 |  | 客户端: 0
[2026-05-15 23:38:06] [INFO] [rk3568_vision] FPS: 1094.6 |  | 客户端: 0
[2026-05-15 23:38:07] [INFO] [rk3568_vision] FPS: 1111.8 |  | 客户端: 0
[2026-05-15 23:38:08] [INFO] [rk3568_vision] FPS: 1143.6 |  | 客户端: 0
[2026-05-15 23:38:09] [INFO] [rk3568_vision] FPS: 1152.9 |  | 客户端: 0
[2026-05-15 23:38:10] [INFO] [rk3568_vision] FPS: 1150.8 |  | 客户端: 0
[2026-05-15 23:38:11] [INFO] [rk3568_vision] FPS: 1154.5 |  | 客户端: 0
[2026-05-15 23:38:12] [INFO] [rk3568_vision] FPS: 1153.7 |  | 客户端: 0
[2026-05-15 23:38:13] [INFO] [rk3568_vision] FPS: 1150.1 |  | 客户端: 0
[2026-05-15 23:38:14] [INFO] [rk3568_vision] FPS: 1154.1 |  | 客户端: 0
[2026-05-15 23:38:15] [INFO] [rk3568_vision] FPS: 1157.9 |  | 客户端: 0
[2026-05-15 23:38:16] [INFO] [rk3568_vision] FPS: 1158.8 |  | 客户端: 0
[2026-05-15 23:38:17] [INFO] [rk3568_vision] FPS: 1155.0 |  | 客户端: 0
[2026-05-15 23:38:18] [INFO] [rk3568_vision] FPS: 1149.5 |  | 客户端: 0
[2026-05-15 23:38:19] [INFO] [rk3568_vision] FPS: 1149.5 |  | 客户端: 0
[2026-05-15 23:38:20] [INFO] [rk3568_vision] FPS: 1156.0 |  | 客户端: 0
[2026-05-15 23:38:21] [INFO] [ws_pusher] PC 客户端已连接: ('127.0.0.1', 42852), 当前连接数: 1
[2026-05-15 23:38:21] [INFO] [rk3568_vision] FPS: 1049.2 |  | 客户端: 1
[2026-05-15 23:38:22] [INFO] [rk3568_vision] FPS: 1011.1 |  | 客户端: 1
[2026-05-15 23:38:23] [INFO] [rk3568_vision] FPS: 1024.7 |  | 客户端: 1
[2026-05-15 23:38:24] [INFO] [ws_pusher] PC 客户端已断开: ('127.0.0.1', 42852)
[2026-05-15 23:38:24] [INFO] [rk3568_vision] FPS: 1060.7 |  | 客户端: 0
[2026-05-15 23:38:25] [INFO] [rk3568_vision] FPS: 1148.2 |  | 客户端: 0
[2026-05-15 23:38:26] [INFO] [rk3568_vision] FPS: 1153.6 |  | 客户端: 0
[2026-05-15 23:38:27] [INFO] [rk3568_vision] FPS: 1152.7 |  | 客户端: 0
[2026-05-15 23:38:28] [INFO] [rk3568_vision] FPS: 1154.8 |  | 客户端: 0
[2026-05-15 23:38:29] [INFO] [rk3568_vision] FPS: 1158.2 |  | 客户端: 0
[2026-05-15 23:38:30] [INFO] [rk3568_vision] FPS: 1155.9 |  | 客户端: 0
[2026-05-15 23:38:31] [INFO] [rk3568_vision] FPS: 1152.5 |  | 客户端: 0
[2026-05-15 23:38:32] [INFO] [rk3568_vision] FPS: 1157.6 |  | 客户端: 0
[2026-05-15 23:38:33] [INFO] [rk3568_vision] FPS: 1150.6 |  | 客户端: 0
[2026-05-15 23:38:34] [INFO] [rk3568_vision] FPS: 1157.7 |  | 客户端: 0
[2026-05-15 23:38:35] [INFO] [rk3568_vision] FPS: 1155.4 |  | 客户端: 0
[2026-05-15 23:38:36] [INFO] [rk3568_vision] FPS: 1151.5 |  | 客户端: 0
[2026-05-15 23:38:37] [INFO] [rk3568_vision] FPS: 1153.1 |  | 客户端: 0
[2026-05-15 23:38:38] [INFO] [rk3568_vision] FPS: 1157.1 |  | 客户端: 0
[2026-05-15 23:38:39] [INFO] [rk3568_vision] FPS: 1158.6 |  | 客户端: 0
[2026-05-15 23:38:40] [INFO] [rk3568_vision] FPS: 1157.2 |  | 客户端: 0
[2026-05-15 23:38:41] [INFO] [rk3568_vision] FPS: 1148.6 |  | 客户端: 0
[2026-05-15 23:38:42] [INFO] [rk3568_vision] FPS: 1151.4 |  | 客户端: 0
[2026-05-15 23:38:43] [INFO] [rk3568_vision] FPS: 1151.7 |  | 客户端: 0
[2026-05-15 23:38:44] [INFO] [rk3568_vision] FPS: 1151.2 |  | 客户端: 0
[2026-05-15 23:38:45] [INFO] [rk3568_vision] FPS: 1151.7 |  | 客户端: 0
[2026-05-15 23:38:46] [INFO] [rk3568_vision] FPS: 1154.9 |  | 客户端: 0
[2026-05-15 23:38:47] [INFO] [rk3568_vision] FPS: 1149.9 |  | 客户端: 0
[2026-05-15 23:38:48] [INFO] [rk3568_vision] FPS: 1158.5 |  | 客户端: 0
[2026-05-15 23:38:49] [INFO] [rk3568_vision] FPS: 1149.6 |  | 客户端: 0
[2026-05-15 23:38:50] [INFO] [rk3568_vision] FPS: 1151.7 |  | 客户端: 0
[2026-05-15 23:38:51] [INFO] [rk3568_vision] FPS: 1155.5 |  | 客户端: 0
[2026-05-15 23:38:52] [INFO] [rk3568_vision] FPS: 1151.9 |  | 客户端: 0
[2026-05-15 23:38:53] [INFO] [rk3568_vision] FPS: 1145.7 |  | 客户端: 0
[2026-05-15 23:38:54] [INFO] [rk3568_vision] FPS: 1152.8 |  | 客户端: 0
[2026-05-15 23:38:55] [INFO] [rk3568_vision] FPS: 1152.6 |  | 客户端: 0
[2026-05-15 23:38:56] [INFO] [rk3568_vision] FPS: 1145.9 |  | 客户端: 0
[2026-05-15 23:38:57] [INFO] [rk3568_vision] FPS: 1061.3 |  | 客户端: 0
[2026-05-15 23:38:58] [INFO] [rk3568_vision] FPS: 1070.7 |  | 客户端: 0
[2026-05-15 23:38:59] [INFO] [rk3568_vision] FPS: 1057.4 |  | 客户端: 0
[2026-05-15 23:39:00] [INFO] [rk3568_vision] FPS: 1071.6 |  | 客户端: 0
[2026-05-15 23:39:01] [INFO] [rk3568_vision] FPS: 1097.8 |  | 客户端: 0
[2026-05-15 23:39:02] [INFO] [rk3568_vision] FPS: 1135.5 |  | 客户端: 0
[2026-05-15 23:39:03] [INFO] [rk3568_vision] FPS: 1137.2 |  | 客户端: 0
[2026-05-15 23:39:04] [INFO] [rk3568_vision] 收到退出信号，正在停止...
[2026-05-15 23:39:04] [INFO] [rk3568_vision] 正在释放资源...
[2026-05-15 23:39:04] [INFO] [camera] 视频流已停止
[2026-05-15 23:39:04] [ERROR] [ws_pusher] WebSocket 服务器异常: Event loop stopped before Future completed.
[2026-05-15 23:39:04] [INFO] [ws_pusher] WebSocket 推送服务已停止
[2026-05-15 23:39:04] [INFO] [rk3568_vision] 系统已停止
[2026-05-16 03:35:00] [INFO] [rk3568_vision] ============================================================
[2026-05-16 03:35:00] [INFO] [rk3568_vision] RK3568 智能视觉识别系统启动
[2026-05-16 03:35:00] [INFO] [rk3568_vision] ============================================================
[2026-05-16 03:35:00] [INFO] [rk3568_vision] NPU 加速: 开启
[2026-05-16 03:35:00] [INFO] [camera] 摄像头初始化，使用子码流
[2026-05-16 03:35:00] [INFO] [camera] RTSP 地址: rtsp://admin:***@192.168.0.66:554/Streaming/Channels/201
[2026-05-16 03:35:01] [INFO] [camera] 视频流连接成功: 1920x1080 @ 25.0fps
[2026-05-16 03:35:01] [INFO] [person_detector] 行人检测器初始化 (NPU=开启)
[2026-05-16 03:35:01] [WARNING] [person_detector] rknnlite2 未安装，回退到 ONNX 模式
[2026-05-16 20:56:49] [INFO] [camera] 使用 FFmpeg 软解码 (OpenCV 无 GStreamer 后端)
[2026-05-16 20:56:49] [INFO] [rk3568_vision] ============================================================
[2026-05-16 20:56:49] [INFO] [rk3568_vision] RK3568 智能视觉识别系统启动（多线程流水线）
[2026-05-16 20:56:49] [INFO] [rk3568_vision] ============================================================
[2026-05-16 20:56:49] [INFO] [rk3568_vision] NPU 加速: 开启
[2026-05-16 20:56:49] [INFO] [camera] 摄像头初始化，使用子码流
[2026-05-16 20:56:49] [INFO] [camera] RTSP 地址: rtsp://admin:***@192.168.0.66:554/Streaming/Channels/201
[2026-05-16 20:56:50] [INFO] [camera] 软解码连接成功: 1920x1080 @ 25.0fps [FFmpeg]
[2026-05-16 20:56:50] [INFO] [person_detector] 行人检测器初始化 (NPU=开启)
[2026-05-16 20:56:50] [WARNING] [person_detector] rknnlite2 未安装，回退到 ONNX 模式
[2026-05-16 21:30:37] [INFO] [camera] 使用 FFmpeg 软解码 (OpenCV 无 GStreamer 后端)
[2026-05-16 21:30:37] [INFO] [rk3568_vision] ============================================================
[2026-05-16 21:30:37] [INFO] [rk3568_vision] RK3568 智能视觉识别系统启动（多线程流水线）
[2026-05-16 21:30:37] [INFO] [rk3568_vision] ============================================================
[2026-05-16 21:30:37] [INFO] [rk3568_vision] NPU 加速: 开启
[2026-05-16 21:30:37] [INFO] [camera] 摄像头初始化，使用子码流
[2026-05-16 21:30:37] [INFO] [camera] RTSP 地址: rtsp://admin:***@192.168.0.66:554/Streaming/Channels/201
[2026-05-16 21:30:38] [INFO] [camera] 软解码连接成功: 1920x1080 @ 25.0fps [FFmpeg]
[2026-05-16 21:30:38] [INFO] [person_detector] 行人检测器初始化 (NPU=开启)
[2026-05-16 21:30:38] [WARNING] [person_detector] rknnlite2 未安装，回退到 ONNX 模式
